<?xml version="1.0" encoding="UTF-8"?>
<!-- Generated by org.testng.reporters.JUnitReportReporter -->
<testsuite hostname="DESKTOP-IPVOHCG" failures="0" tests="1" name="reporting.Extents.ERDemo" time="10.751" errors="0" timestamp="2025-06-14T10:52:16 IST" skipped="0">
  <testcase classname="reporting.Extents.ERDemo" name="titleTest" time="10.751"/>
</testsuite> <!-- reporting.Extents.ERDemo -->
